<?xml version="1.0" encoding="UTF-8"?>
<testsuite xmlns:xsi="http://www.w3.org/2001/XMLSchema-instance" xsi:noNamespaceSchemaLocation="https://maven.apache.org/surefire/maven-surefire-plugin/xsd/surefire-test-report-3.0.xsd" version="3.0" name="runner.TestRunner" time="8.342" tests="6" errors="0" skipped="0" failures="0">
  <properties>
[...]
</properties>
  <testcase name="the user is on the homepage" classname="I want to login to my Account" time="3.957">
    <system-out><![CDATA[
@smoke
Scenario: I want to login to my Account                            # src/test/resources/Features/login.feature:3
]]></system-out>
    <system-err><![CDATA[Jul 29, 2023 7:55:20 PM org.openqa.selenium.remote.service.DriverService$Builder getLogOutput
INFO: Driver logs no longer sent to console by default; https://www.selenium.dev/documentation/webdriver/drivers/service/#setting-log-output
Jul 29, 2023 7:55:22 PM org.openqa.selenium.devtools.CdpVersionFinder findNearestMatch
WARNING: Unable to find an exact match for CDP version 115, so returning the closest version found: 114
Jul 29, 2023 7:55:26 PM stepDefinitions.LoginSteps the_user_is_on_the_homepage
INFO: user is starting test
]]></system-err>
  </testcase>
  <testcase name="user clicks on MyAccount" classname="I want to login to my Account" time="0.088">
    <system-out><![CDATA[  Given the user is on the homepage                                # stepDefinitions.LoginSteps.the_user_is_on_the_homepage()
]]></system-out>
  </testcase>
  <testcase name="user click on login" classname="I want to login to my Account" time="0.218">
    <system-out><![CDATA[  When user clicks on MyAccount                                    # stepDefinitions.LoginSteps.user_clicks_on_my_account()
]]></system-out>
  </testcase>
  <testcase name="user enters &apos;&lt;sadatsayedibrahim@gmail.com&gt;&apos;  and &apos;&lt;test123&gt;&apos;" classname="I want to login to my Account" time="0.169">
    <system-out><![CDATA[  And user click on login                                          # stepDefinitions.LoginSteps.user_click_on_login()
]]></system-out>
  </testcase>
  <testcase name="user clicks login button" classname="I want to login to my Account" time="0.061">
    <system-out><![CDATA[  And user enters '<sadatsayedibrahim@gmail.com>'  and '<test123>' # stepDefinitions.LoginSteps.user_enters_and(java.lang.String,java.lang.String)
]]></system-out>
  </testcase>
  <testcase name="user is navigated to the login page" classname="I want to login to my Account" time="0.012">
    <system-out><![CDATA[  And user clicks login button                                     # stepDefinitions.LoginSteps.user_clicks_login_button()
]]></system-out>
  </testcase>
</testsuite>